<?xml version="1.0" encoding="UTF-8"?>
<testng-results ignored="0" total="3" passed="3" failed="0" skipped="0">
  <reporter-output>
  </reporter-output>
  <suite started-at="2023-04-02T17:55:20 EEST" name="org.redrover.UtilsTest" finished-at="2023-04-02T17:55:20 EEST" duration-ms="39">
    <groups>
    </groups>
    <test started-at="2023-04-02T17:55:20 EEST" name="Command line test" finished-at="2023-04-02T17:55:20 EEST" duration-ms="39">
      <class name="org.redrover.UtilsTest">
        <test-method signature="testAbbr()[pri:0, instance:org.redrover.UtilsTest@133e16fd]" started-at="2023-04-02T17:55:20 EEST" name="testAbbr" finished-at="2023-04-02T17:55:20 EEST" duration-ms="5" status="PASS">
          <reporter-output>
          </reporter-output>
        </test-method> <!-- testAbbr -->
        <test-method signature="testAbbreviate()[pri:0, instance:org.redrover.UtilsTest@133e16fd]" started-at="2023-04-02T17:55:20 EEST" name="testAbbreviate" finished-at="2023-04-02T17:55:20 EEST" duration-ms="7" status="PASS">
          <reporter-output>
          </reporter-output>
        </test-method> <!-- testAbbreviate -->
        <test-method signature="testSum()[pri:0, instance:org.redrover.UtilsTest@133e16fd]" started-at="2023-04-02T17:55:20 EEST" name="testSum" finished-at="2023-04-02T17:55:20 EEST" duration-ms="0" status="PASS">
          <reporter-output>
          </reporter-output>
        </test-method> <!-- testSum -->
      </class> <!-- org.redrover.UtilsTest -->
    </test> <!-- Command line test -->
  </suite> <!-- org.redrover.UtilsTest -->
</testng-results>
