<?xml version="1.0" encoding="UTF-8"?>
<!-- Generated by org.testng.reporters.JUnitXMLReporter -->
<testsuite ignored="0" hostname="DESKTOP-O4JH09O" failures="0" tests="3" name="Command line test" time="0.039" errors="0" timestamp="2023-04-02T17:55:20 EEST">
  <testcase classname="org.redrover.UtilsTest" name="testAbbr" time="0.005"/>
  <testcase classname="org.redrover.UtilsTest" name="testAbbreviate" time="0.007"/>
  <testcase classname="org.redrover.UtilsTest" name="testSum" time="0.0"/>
</testsuite> <!-- Command line test -->
